<?xml version="1.0" encoding="UTF-8"?>
<!-- Generated by org.testng.reporters.JUnitReportReporter -->
<testsuite hostname="Manoj" failures="0" tests="4" name="com.mystore.testcases.TC_UserData" time="0.028" errors="0" timestamp="2023-11-10T08:17:31 IST" skipped="0">
  <testcase classname="com.mystore.testcases.TC_UserData" name="incorrectData" time="0.007"/>
  <system-out/>
  <testcase classname="com.mystore.testcases.TC_UserData" name="correctData" time="0.007"/>
  <system-out/>
  <testcase classname="com.mystore.testcases.TC_UserData" name="correctData2" time="0.007"/>
  <system-out/>
  <testcase classname="com.mystore.testcases.TC_UserData" name="correctData1" time="0.007"/>
  <system-out/>
</testsuite> <!-- com.mystore.testcases.TC_UserData -->
