<?xml version="1.0" encoding="UTF-8"?>
<!-- Generated by org.testng.reporters.JUnitReportReporter -->
<testsuite hostname="Manoj" failures="0" tests="1" name="com.mystore.testcases.TC_ApplicationForm" time="5.447" errors="0" timestamp="2023-11-14T08:35:09 IST" skipped="0">
  <testcase classname="com.mystore.testcases.TC_ApplicationForm" name="verifyForm" time="5.447"/>
  <system-out/>
</testsuite> <!-- com.mystore.testcases.TC_ApplicationForm -->
